<?xml version="1.0" encoding="UTF-8"?>
<!-- Generated by org.testng.reporters.JUnitReportReporter -->
<testsuite hostname="Shanshu" failures="0" tests="1" name="com.qagenic.FacebookLoginTest" time="11.069" errors="0" timestamp="2022-09-20T08:14:58 IST" skipped="0">
  <testcase classname="com.qagenic.FacebookLoginTest" name="facebook_login_test" time="11.069"/>
  <system-out/>
</testsuite> <!-- com.qagenic.FacebookLoginTest -->
