<?xml version="1.0" encoding="UTF-8"?>
<!-- Generated by org.testng.reporters.JUnitReportReporter -->
<testsuite hostname="Shanshu" failures="0" tests="1" name="com.qagenic.CheckBoxTest" time="5.394" errors="0" timestamp="2022-09-20T08:14:58 IST" skipped="0">
  <testcase classname="com.qagenic.CheckBoxTest" name="launch_checkurl" time="5.394"/>
  <system-out/>
</testsuite> <!-- com.qagenic.CheckBoxTest -->
